# This is the CMakeCache file.
# For build in directory: /Users/prompt/Downloads/libssh-0.11.0/build
# It was generated by CMake: /opt/homebrew/Cellar/cmake/3.30.4/bin/cmake
# You can edit this file to change values found and used by cmake.
# If you do not want to change any of the values, simply exit the editor.
# If you do want to change a value, simply edit, save, and exit the editor.
# The syntax for the file is as follows:
# KEY:TYPE=VALUE
# KEY is the name of a variable in the cache.
# TYPE is a hint to GUIs for the type of VALUE, DO NOT EDIT TYPE!.
# VALUE is the current value for the KEY.

########################
# EXTERNAL cache entries
########################

//path to the abimap executable
ABIMAP_EXECUTABLE:FILEPATH=ABIMAP_EXECUTABLE-NOTFOUND

//Path to a file.
ARGP_INCLUDE_DIR:PATH=ARGP_INCLUDE_DIR-NOTFOUND

//Path to a library.
ARGP_LIBRARY:FILEPATH=ARGP_LIBRARY-NOTFOUND

//Path to a file.
ARGP_ROOT_DIR:PATH=ARGP_ROOT_DIR-NOTFOUND

//Build shared libraries
BUILD_SHARED_LIBS:BOOL=ON

//Build the testing tree.
BUILD_TESTING:BOOL=ON

//Build with client tests; requires openssh
CLIENT_TESTING:BOOL=OFF

//Path to a program.
CMAKE_ADDR2LINE:FILEPATH=CMAKE_ADDR2LINE-NOTFOUND

//Path to a program.
CMAKE_AR:FILEPATH=/Library/Developer/CommandLineTools/usr/bin/ar

//Choose the type of build, options are: None Debug Release RelWithDebInfo
// MinSizeRel ...
CMAKE_BUILD_TYPE:STRING=Debug

//Enable/Disable color output during build.
CMAKE_COLOR_MAKEFILE:BOOL=ON

//CXX compiler
CMAKE_CXX_COMPILER:FILEPATH=/Library/Developer/CommandLineTools/usr/bin/c++

//Flags used by the CXX compiler during all build types.
CMAKE_CXX_FLAGS:STRING=

//Flags used by the CXX compiler during ADDRESSSANITIZER builds.
CMAKE_CXX_FLAGS_ADDRESSSANITIZER:STRING=-g -O1 -fsanitize=address -fno-omit-frame-pointer

//Flags used by the CXX compiler during DEBUG builds.
CMAKE_CXX_FLAGS_DEBUG:STRING=-g

//Flags used by the CXX compiler during MEMORYSANITIZER builds.
CMAKE_CXX_FLAGS_MEMORYSANITIZER:STRING=-g -O2 -fsanitize=memory -fsanitize-memory-track-origins=2 -fno-omit-frame-pointer

//Flags used by the CXX compiler during MINSIZEREL builds.
CMAKE_CXX_FLAGS_MINSIZEREL:STRING=-Os -DNDEBUG

//Flags used by the CXX compiler during PROFILING builds.
CMAKE_CXX_FLAGS_PROFILING:STRING=-O0 -g -fprofile-arcs -ftest-coverage

//Flags used by the CXX compiler during RELEASE builds.
CMAKE_CXX_FLAGS_RELEASE:STRING=-O3 -DNDEBUG

//Flags used by the CXX compiler during RELWITHDEBINFO builds.
CMAKE_CXX_FLAGS_RELWITHDEBINFO:STRING=-O2 -g -DNDEBUG

//Flags used by the CXX compiler during UNDEFINEDSANITIZER builds.
CMAKE_CXX_FLAGS_UNDEFINEDSANITIZER:STRING=-g -O1 -fsanitize=undefined -fsanitize=null -fsanitize=alignment -fno-sanitize-recover=undefined,integer

//C compiler
CMAKE_C_COMPILER:FILEPATH=/Library/Developer/CommandLineTools/usr/bin/cc

//Flags used by the C compiler during all build types.
CMAKE_C_FLAGS:STRING=

//Flags used by the C compiler during ADDRESSSANITIZER builds.
CMAKE_C_FLAGS_ADDRESSSANITIZER:STRING=-g -O1 -fsanitize=address -fno-omit-frame-pointer

//Flags used by the C compiler during DEBUG builds.
CMAKE_C_FLAGS_DEBUG:STRING=-g

//Flags used by the C compiler during MEMORYSANITIZER builds.
CMAKE_C_FLAGS_MEMORYSANITIZER:STRING=-g -O2 -fsanitize=memory -fsanitize-memory-track-origins=2 -fno-omit-frame-pointer

//Flags used by the C compiler during MINSIZEREL builds.
CMAKE_C_FLAGS_MINSIZEREL:STRING=-Os -DNDEBUG

//Flags used by the C compiler during PROFILING builds.
CMAKE_C_FLAGS_PROFILING:STRING=-O0 -g -fprofile-arcs -ftest-coverage

//Flags used by the C compiler during RELEASE builds.
CMAKE_C_FLAGS_RELEASE:STRING=-O3 -DNDEBUG

//Flags used by the C compiler during RELWITHDEBINFO builds.
CMAKE_C_FLAGS_RELWITHDEBINFO:STRING=-O2 -g -DNDEBUG

//Flags used by the C compiler during UNDEFINEDSANITIZER builds.
CMAKE_C_FLAGS_UNDEFINEDSANITIZER:STRING=-g -O1 -fsanitize=undefined -fsanitize=null -fsanitize=alignment -fno-sanitize-recover=undefined,integer

//Path to a program.
CMAKE_DLLTOOL:FILEPATH=CMAKE_DLLTOOL-NOTFOUND

//Flags used by the linker during ADDRESSSANITIZER builds.
CMAKE_EXEC_LINKER_FLAGS_ADDRESSSANITIZER:STRING=-fsanitize=address

//Flags used by the linker during MEMORYSANITIZER builds.
CMAKE_EXEC_LINKER_FLAGS_MEMORYSANITIZER:STRING=-fsanitize=memory

//Flags used by the linker during PROFILING builds.
CMAKE_EXEC_LINKER_FLAGS_PROFILING:STRING=-fprofile-arcs -ftest-coverage

//Flags used by the linker during UNDEFINEDSANITIZER builds.
CMAKE_EXEC_LINKER_FLAGS_UNDEFINEDSANITIZER:STRING=-fsanitize=undefined

//Flags used by the linker during all build types.
CMAKE_EXE_LINKER_FLAGS:STRING=

//Flags used by the linker during DEBUG builds.
CMAKE_EXE_LINKER_FLAGS_DEBUG:STRING=

//Flags used by the linker during MINSIZEREL builds.
CMAKE_EXE_LINKER_FLAGS_MINSIZEREL:STRING=

//Flags used by the linker during RELEASE builds.
CMAKE_EXE_LINKER_FLAGS_RELEASE:STRING=

//Flags used by the linker during RELWITHDEBINFO builds.
CMAKE_EXE_LINKER_FLAGS_RELWITHDEBINFO:STRING=

//Value Computed by CMake.
CMAKE_FIND_PACKAGE_REDIRECTS_DIR:STATIC=/Users/prompt/Downloads/libssh-0.11.0/build/CMakeFiles/pkgRedirects

//User executables (bin)
CMAKE_INSTALL_BINDIR:PATH=bin

//Read-only architecture-independent data (DATAROOTDIR)
CMAKE_INSTALL_DATADIR:PATH=

//Read-only architecture-independent data root (share)
CMAKE_INSTALL_DATAROOTDIR:PATH=share

//Documentation root (DATAROOTDIR/doc/PROJECT_NAME)
CMAKE_INSTALL_DOCDIR:PATH=

//C header files (include)
CMAKE_INSTALL_INCLUDEDIR:PATH=include

//Info documentation (DATAROOTDIR/info)
CMAKE_INSTALL_INFODIR:PATH=

//Object code libraries (lib)
CMAKE_INSTALL_LIBDIR:PATH=lib

//Program executables (libexec)
CMAKE_INSTALL_LIBEXECDIR:PATH=libexec

//Locale-dependent data (DATAROOTDIR/locale)
CMAKE_INSTALL_LOCALEDIR:PATH=

//Modifiable single-machine data (var)
CMAKE_INSTALL_LOCALSTATEDIR:PATH=var

//Man documentation (DATAROOTDIR/man)
CMAKE_INSTALL_MANDIR:PATH=

//Path to a program.
CMAKE_INSTALL_NAME_TOOL:FILEPATH=/usr/bin/install_name_tool

//C header files for non-gcc (/usr/include)
CMAKE_INSTALL_OLDINCLUDEDIR:PATH=/usr/include

//Install path prefix, prepended onto install directories.
CMAKE_INSTALL_PREFIX:PATH=/usr/local

//Run-time variable data (LOCALSTATEDIR/run)
CMAKE_INSTALL_RUNSTATEDIR:PATH=

//System admin executables (sbin)
CMAKE_INSTALL_SBINDIR:PATH=sbin

//Modifiable architecture-independent data (com)
CMAKE_INSTALL_SHAREDSTATEDIR:PATH=com

//Read-only single-machine data (etc)
CMAKE_INSTALL_SYSCONFDIR:PATH=etc

//Path to a program.
CMAKE_LINKER:FILEPATH=/Library/Developer/CommandLineTools/usr/bin/ld

//Path to a program.
CMAKE_MAKE_PROGRAM:FILEPATH=/usr/bin/make

//Flags used by the linker during the creation of modules during
// all build types.
CMAKE_MODULE_LINKER_FLAGS:STRING=

//Flags used by the linker during the creation of shared libraries
// during ADDRESSSANITIZER builds.
CMAKE_MODULE_LINKER_FLAGS_ADDRESSSANITIZER:STRING=-fsanitize=address

//Flags used by the linker during the creation of modules during
// DEBUG builds.
CMAKE_MODULE_LINKER_FLAGS_DEBUG:STRING=

//Flags used by the linker during the creation of shared libraries
// during MEMORYSANITIZER builds.
CMAKE_MODULE_LINKER_FLAGS_MEMORYSANITIZER:STRING=-fsanitize=memory

//Flags used by the linker during the creation of modules during
// MINSIZEREL builds.
CMAKE_MODULE_LINKER_FLAGS_MINSIZEREL:STRING=

//Flags used by the linker during the creation of shared libraries
// during PROFILING builds.
CMAKE_MODULE_LINKER_FLAGS_PROFILING:STRING=-fprofile-arcs -ftest-coverage

//Flags used by the linker during the creation of modules during
// RELEASE builds.
CMAKE_MODULE_LINKER_FLAGS_RELEASE:STRING=

//Flags used by the linker during the creation of modules during
// RELWITHDEBINFO builds.
CMAKE_MODULE_LINKER_FLAGS_RELWITHDEBINFO:STRING=

//Flags used by the linker during the creation of shared libraries
// during UNDEFINEDSANITIZER builds.
CMAKE_MODULE_LINKER_FLAGS_UNDEFINEDSANITIZER:STRING=-fsanitize=undefined

//Path to a program.
CMAKE_NM:FILEPATH=/Library/Developer/CommandLineTools/usr/bin/nm

//Path to a program.
CMAKE_OBJCOPY:FILEPATH=CMAKE_OBJCOPY-NOTFOUND

//Path to a program.
CMAKE_OBJDUMP:FILEPATH=/Library/Developer/CommandLineTools/usr/bin/objdump

//Build architectures for OSX
CMAKE_OSX_ARCHITECTURES:STRING=

//Minimum OS X version to target for deployment (at runtime); newer
// APIs weak linked. Set to empty string for default value.
CMAKE_OSX_DEPLOYMENT_TARGET:STRING=

//The product will be built against the headers and libraries located
// inside the indicated SDK.
CMAKE_OSX_SYSROOT:PATH=/Library/Developer/CommandLineTools/SDKs/MacOSX14.4.sdk

//Value Computed by CMake
CMAKE_PROJECT_DESCRIPTION:STATIC=

//Value Computed by CMake
CMAKE_PROJECT_HOMEPAGE_URL:STATIC=

//Value Computed by CMake
CMAKE_PROJECT_NAME:STATIC=libssh

//Value Computed by CMake
CMAKE_PROJECT_VERSION:STATIC=0.11.0

//Value Computed by CMake
CMAKE_PROJECT_VERSION_MAJOR:STATIC=0

//Value Computed by CMake
CMAKE_PROJECT_VERSION_MINOR:STATIC=11

//Value Computed by CMake
CMAKE_PROJECT_VERSION_PATCH:STATIC=0

//Value Computed by CMake
CMAKE_PROJECT_VERSION_TWEAK:STATIC=

//Path to a program.
CMAKE_RANLIB:FILEPATH=/Library/Developer/CommandLineTools/usr/bin/ranlib

//Path to a program.
CMAKE_READELF:FILEPATH=CMAKE_READELF-NOTFOUND

//Flags used by the linker during the creation of shared libraries
// during all build types.
CMAKE_SHARED_LINKER_FLAGS:STRING=

//Flags used by the linker during the creation of shared libraries
// during ADDRESSSANITIZER builds.
CMAKE_SHARED_LINKER_FLAGS_ADDRESSSANITIZER:STRING=-fsanitize=address

//Flags used by the linker during the creation of shared libraries
// during DEBUG builds.
CMAKE_SHARED_LINKER_FLAGS_DEBUG:STRING=

//Flags used by the linker during the creation of shared libraries
// during MEMORYSANITIZER builds.
CMAKE_SHARED_LINKER_FLAGS_MEMORYSANITIZER:STRING=-fsanitize=memory

//Flags used by the linker during the creation of shared libraries
// during MINSIZEREL builds.
CMAKE_SHARED_LINKER_FLAGS_MINSIZEREL:STRING=

//Flags used by the linker during the creation of shared libraries
// during PROFILING builds.
CMAKE_SHARED_LINKER_FLAGS_PROFILING:STRING=-fprofile-arcs -ftest-coverage

//Flags used by the linker during the creation of shared libraries
// during RELEASE builds.
CMAKE_SHARED_LINKER_FLAGS_RELEASE:STRING=

//Flags used by the linker during the creation of shared libraries
// during RELWITHDEBINFO builds.
CMAKE_SHARED_LINKER_FLAGS_RELWITHDEBINFO:STRING=

//Flags used by the linker during the creation of shared libraries
// during UNDEFINEDSANITIZER builds.
CMAKE_SHARED_LINKER_FLAGS_UNDEFINEDSANITIZER:STRING=-fsanitize=undefined

//If set, runtime paths are not added when installing shared libraries,
// but are added when building.
CMAKE_SKIP_INSTALL_RPATH:BOOL=NO

//If set, runtime paths are not added when using shared libraries.
CMAKE_SKIP_RPATH:BOOL=NO

//Flags used by the linker during the creation of static libraries
// during all build types.
CMAKE_STATIC_LINKER_FLAGS:STRING=

//Flags used by the linker during the creation of static libraries
// during DEBUG builds.
CMAKE_STATIC_LINKER_FLAGS_DEBUG:STRING=

//Flags used by the linker during the creation of static libraries
// during MINSIZEREL builds.
CMAKE_STATIC_LINKER_FLAGS_MINSIZEREL:STRING=

//Flags used by the linker during the creation of static libraries
// during RELEASE builds.
CMAKE_STATIC_LINKER_FLAGS_RELEASE:STRING=

//Flags used by the linker during the creation of static libraries
// during RELWITHDEBINFO builds.
CMAKE_STATIC_LINKER_FLAGS_RELWITHDEBINFO:STRING=

//Path to a program.
CMAKE_STRIP:FILEPATH=/Library/Developer/CommandLineTools/usr/bin/strip

//Path to a program.
CMAKE_TAPI:FILEPATH=/Library/Developer/CommandLineTools/usr/bin/tapi

//If this value is on, makefiles will be generated without the
// .SILENT directive, and all commands will be echoed to the console
// during the make.  This is useful for debugging only. With Visual
// Studio IDE projects all commands are done without /nologo.
CMAKE_VERBOSE_MAKEFILE:BOOL=FALSE

//Path to a file.
CMOCKA_INCLUDE_DIR:PATH=/usr/local/include

//Path to a library.
CMOCKA_LIBRARY:FILEPATH=/usr/local/lib/libcmocka.dylib

//Path to a file.
CMOCKA_ROOT_DIR:PATH=/usr/local

//Path to a library.
COM_ERR_LIBRARY:FILEPATH=/Library/Developer/CommandLineTools/SDKs/MacOSX14.4.sdk/usr/lib/libcom_err.tbd

//Path to the coverage program that CTest uses for performing coverage
// inspection
COVERAGE_COMMAND:FILEPATH=/usr/bin/gcov

//Extra command line flags to pass to the coverage tool
COVERAGE_EXTRA_FLAGS:STRING=-l

//Enable to build OSX bundles
CPACK_BINARY_BUNDLE:BOOL=OFF

//Enable to build Debian packages
CPACK_BINARY_DEB:BOOL=OFF

//Enable to build OSX Drag And Drop package
CPACK_BINARY_DRAGNDROP:BOOL=OFF

//Enable to build FreeBSD packages
CPACK_BINARY_FREEBSD:BOOL=OFF

//Enable to build IFW packages
CPACK_BINARY_IFW:BOOL=OFF

//Enable to build NSIS packages
CPACK_BINARY_NSIS:BOOL=OFF

//Enable to build productbuild packages
CPACK_BINARY_PRODUCTBUILD:BOOL=OFF

//Enable to build RPM packages
CPACK_BINARY_RPM:BOOL=OFF

//Enable to build STGZ packages
CPACK_BINARY_STGZ:BOOL=ON

//Enable to build TBZ2 packages
CPACK_BINARY_TBZ2:BOOL=OFF

//Enable to build TGZ packages
CPACK_BINARY_TGZ:BOOL=ON

//Enable to build TXZ packages
CPACK_BINARY_TXZ:BOOL=OFF

//How many times to retry timed-out CTest submissions.
CTEST_SUBMIT_RETRY_COUNT:STRING=3

//How long to wait between timed-out CTest submissions.
CTEST_SUBMIT_RETRY_DELAY:STRING=5

//Maximum time allowed before CTest will kill the test.
DART_TESTING_TIMEOUT:STRING=1500

//Dot tool for use with Doxygen
DOXYGEN_DOT_EXECUTABLE:FILEPATH=DOXYGEN_DOT_EXECUTABLE-NOTFOUND

//Doxygen documentation generation tool (https://www.doxygen.nl)
DOXYGEN_EXECUTABLE:FILEPATH=DOXYGEN_EXECUTABLE-NOTFOUND

//Build with fuzzer for the server and client (automatically enables
// none cipher!)
FUZZ_TESTING:BOOL=OFF

//Path to a file.
GSSAPI_INCLUDE_DIR:PATH=/Library/Developer/CommandLineTools/SDKs/MacOSX14.4.sdk/System/Library/Frameworks/GSS.framework/Headers

//Path to a library.
GSSAPI_LIBRARY:FILEPATH=/Library/Developer/CommandLineTools/SDKs/MacOSX14.4.sdk/usr/lib/libgssapi_krb5.tbd

//Path to a file.
GSSAPI_ROOT_DIR:PATH=/Library/Developer/CommandLineTools/SDKs/MacOSX14.4.sdk/usr

//Build with GSSAPI tests; requires krb5-server,krb5-libs and krb5-workstation
GSSAPI_TESTING:BOOL=OFF

//Path to a library.
K5CRYPTO_LIBRARY:FILEPATH=/Library/Developer/CommandLineTools/SDKs/MacOSX14.4.sdk/usr/lib/libk5crypto.tbd

//Path to a program.
KRB5_CONFIG:FILEPATH=/usr/bin/krb5-config

//Path to a library.
KRB5_LIBRARY:FILEPATH=/Library/Developer/CommandLineTools/SDKs/MacOSX14.4.sdk/usr/lib/libkrb5.tbd

//Command to build the project
MAKECOMMAND:STRING=/opt/homebrew/Cellar/cmake/3.30.4/bin/cmake --build . --config "${CTEST_CONFIGURATION_TYPE}"

//Path to the memory checking command, used for memory error detection.
MEMORYCHECK_COMMAND:FILEPATH=MEMORYCHECK_COMMAND-NOTFOUND

//File that contains suppressions for the memory checker
MEMORYCHECK_SUPPRESSIONS_FILE:FILEPATH=

//Path to a file.
NACL_INCLUDE_DIR:PATH=NACL_INCLUDE_DIR-NOTFOUND

//Path to a library.
NACL_LIBRARY:FILEPATH=NACL_LIBRARY-NOTFOUND

//Path to a library.
OPENSSL_CRYPTO_LIBRARY:FILEPATH=/opt/homebrew/lib/libcrypto.dylib

//Path to a file.
OPENSSL_INCLUDE_DIR:PATH=/opt/homebrew/include

//Path to a library.
OPENSSL_SSL_LIBRARY:FILEPATH=/opt/homebrew/lib/libssl.dylib

//Build with picky developer flags
PICKY_DEVELOPER:BOOL=OFF

//Arguments to supply to pkg-config
PKG_CONFIG_ARGN:STRING=

//pkg-config executable
PKG_CONFIG_EXECUTABLE:FILEPATH=PKG_CONFIG_EXECUTABLE-NOTFOUND

//Build with server tests; requires openssh and dropbear
SERVER_TESTING:BOOL=OFF

//Name of the computer/site where compile is being run
SITE:STRING=Prompts-MacBook-Air.local

//Path to a program.
SSHD_EXECUTABLE:FILEPATH=/usr/sbin/sshd

//Path to a program.
SSH_EXECUTABLE:FILEPATH=/usr/bin/ssh

//Build with unit tests
UNIT_TESTING:BOOL=ON

//Allow ABI break
WITH_ABI_BREAK:BOOL=OFF

//Build benchmarks tools; enables unit testing and client tests
WITH_BENCHMARKS:BOOL=OFF

//Compile with blowfish support
WITH_BLOWFISH_CIPHER:BOOL=OFF

//Build with calltrace debug output
WITH_DEBUG_CALLTRACE:BOOL=ON

//Build with crypto debug output
WITH_DEBUG_CRYPTO:BOOL=OFF

//Build with packet debug output
WITH_DEBUG_PACKET:BOOL=OFF

//Build examples
WITH_EXAMPLES:BOOL=ON

//Enable libssh to execute arbitrary commands from configuration
// files or options (match exec, proxy commands and OpenSSH-based
// proxy-jumps).
WITH_EXEC:BOOL=ON

//Compile against libgcrypt (deprecated)
WITH_GCRYPT:BOOL=OFF

//Enable DH Group exchange mechanisms
WITH_GEX:BOOL=ON

//Build with GSSAPI support
WITH_GSSAPI:BOOL=ON

//Enable insecure none cipher and MAC algorithms (not suitable
// for production!)
WITH_INSECURE_NONE:BOOL=OFF

//Compile doxygen internal documentation
WITH_INTERNAL_DOC:BOOL=OFF

//Compile against libmbedtls
WITH_MBEDTLS:BOOL=OFF

//Build with libnacl (curve25519)
WITH_NACL:BOOL=ON

//Compile with Pcap generation support
WITH_PCAP:BOOL=ON

//Use the PKCS#11 provider for accessing pkcs11 objects
WITH_PKCS11_PROVIDER:BOOL=OFF

//Build with PKCS#11 URI support
WITH_PKCS11_URI:BOOL=OFF

//Build with SSH server support
WITH_SERVER:BOOL=ON

//Build with SFTP support
WITH_SFTP:BOOL=ON

//Build with symbol versioning
WITH_SYMBOL_VERSIONING:BOOL=ON

//Build with ZLIB support
WITH_ZLIB:BOOL=ON

//Path to a file.
ZLIB_INCLUDE_DIR:PATH=/Library/Developer/CommandLineTools/SDKs/MacOSX14.4.sdk/usr/include

//Path to a library.
ZLIB_LIBRARY_DEBUG:FILEPATH=ZLIB_LIBRARY_DEBUG-NOTFOUND

//Path to a library.
ZLIB_LIBRARY_RELEASE:FILEPATH=/Library/Developer/CommandLineTools/SDKs/MacOSX14.4.sdk/usr/lib/libz.tbd

//Value Computed by CMake
libssh-examples_BINARY_DIR:STATIC=/Users/prompt/Downloads/libssh-0.11.0/build/examples

//Value Computed by CMake
libssh-examples_IS_TOP_LEVEL:STATIC=OFF

//Value Computed by CMake
libssh-examples_SOURCE_DIR:STATIC=/Users/prompt/Downloads/libssh-0.11.0/examples

//Value Computed by CMake
libssh-headers-x_BINARY_DIR:STATIC=/Users/prompt/Downloads/libssh-0.11.0/build/include

//Value Computed by CMake
libssh-headers-x_IS_TOP_LEVEL:STATIC=OFF

//Value Computed by CMake
libssh-headers-x_SOURCE_DIR:STATIC=/Users/prompt/Downloads/libssh-0.11.0/include

//Value Computed by CMake
libssh-headers_BINARY_DIR:STATIC=/Users/prompt/Downloads/libssh-0.11.0/build/include/libssh

//Value Computed by CMake
libssh-headers_IS_TOP_LEVEL:STATIC=OFF

//Value Computed by CMake
libssh-headers_SOURCE_DIR:STATIC=/Users/prompt/Downloads/libssh-0.11.0/include/libssh

//Value Computed by CMake
libssh-tests_BINARY_DIR:STATIC=/Users/prompt/Downloads/libssh-0.11.0/build/tests

//Value Computed by CMake
libssh-tests_IS_TOP_LEVEL:STATIC=OFF

//Value Computed by CMake
libssh-tests_SOURCE_DIR:STATIC=/Users/prompt/Downloads/libssh-0.11.0/tests

//Value Computed by CMake
libssh_BINARY_DIR:STATIC=/Users/prompt/Downloads/libssh-0.11.0/build

//Value Computed by CMake
libssh_IS_TOP_LEVEL:STATIC=ON

//Value Computed by CMake
libssh_SOURCE_DIR:STATIC=/Users/prompt/Downloads/libssh-0.11.0

//Value Computed by CMake
unittests_BINARY_DIR:STATIC=/Users/prompt/Downloads/libssh-0.11.0/build/tests/unittests

//Value Computed by CMake
unittests_IS_TOP_LEVEL:STATIC=OFF

//Value Computed by CMake
unittests_SOURCE_DIR:STATIC=/Users/prompt/Downloads/libssh-0.11.0/tests/unittests


########################
# INTERNAL cache entries
########################

//ADVANCED property for variable: ABIMAP_EXECUTABLE
ABIMAP_EXECUTABLE-ADVANCED:INTERNAL=1
//ADVANCED property for variable: ARGP_INCLUDE_DIR
ARGP_INCLUDE_DIR-ADVANCED:INTERNAL=1
//ADVANCED property for variable: ARGP_ROOT_DIR
ARGP_ROOT_DIR-ADVANCED:INTERNAL=1
//ADVANCED property for variable: CMAKE_ADDR2LINE
CMAKE_ADDR2LINE-ADVANCED:INTERNAL=1
//ADVANCED property for variable: CMAKE_AR
CMAKE_AR-ADVANCED:INTERNAL=1
//This is the directory where this CMakeCache.txt was created
CMAKE_CACHEFILE_DIR:INTERNAL=/Users/prompt/Downloads/libssh-0.11.0/build
//Major version of cmake used to create the current loaded cache
CMAKE_CACHE_MAJOR_VERSION:INTERNAL=3
//Minor version of cmake used to create the current loaded cache
CMAKE_CACHE_MINOR_VERSION:INTERNAL=30
//Patch version of cmake used to create the current loaded cache
CMAKE_CACHE_PATCH_VERSION:INTERNAL=4
//ADVANCED property for variable: CMAKE_COLOR_MAKEFILE
CMAKE_COLOR_MAKEFILE-ADVANCED:INTERNAL=1
//Path to CMake executable.
CMAKE_COMMAND:INTERNAL=/opt/homebrew/Cellar/cmake/3.30.4/bin/cmake
//Path to cpack program executable.
CMAKE_CPACK_COMMAND:INTERNAL=/opt/homebrew/Cellar/cmake/3.30.4/bin/cpack
//ADVANCED property for variable: CMAKE_CTEST_COMMAND
CMAKE_CTEST_COMMAND-ADVANCED:INTERNAL=1
//Path to ctest program executable.
CMAKE_CTEST_COMMAND:INTERNAL=/opt/homebrew/Cellar/cmake/3.30.4/bin/ctest
//ADVANCED property for variable: CMAKE_CXX_COMPILER
CMAKE_CXX_COMPILER-ADVANCED:INTERNAL=1
//ADVANCED property for variable: CMAKE_CXX_FLAGS
CMAKE_CXX_FLAGS-ADVANCED:INTERNAL=1
//ADVANCED property for variable: CMAKE_CXX_FLAGS_DEBUG
CMAKE_CXX_FLAGS_DEBUG-ADVANCED:INTERNAL=1
//ADVANCED property for variable: CMAKE_CXX_FLAGS_MINSIZEREL
CMAKE_CXX_FLAGS_MINSIZEREL-ADVANCED:INTERNAL=1
//ADVANCED property for variable: CMAKE_CXX_FLAGS_RELEASE
CMAKE_CXX_FLAGS_RELEASE-ADVANCED:INTERNAL=1
//ADVANCED property for variable: CMAKE_CXX_FLAGS_RELWITHDEBINFO
CMAKE_CXX_FLAGS_RELWITHDEBINFO-ADVANCED:INTERNAL=1
//ADVANCED property for variable: CMAKE_C_COMPILER
CMAKE_C_COMPILER-ADVANCED:INTERNAL=1
//ADVANCED property for variable: CMAKE_C_FLAGS
CMAKE_C_FLAGS-ADVANCED:INTERNAL=1
//ADVANCED property for variable: CMAKE_C_FLAGS_DEBUG
CMAKE_C_FLAGS_DEBUG-ADVANCED:INTERNAL=1
//ADVANCED property for variable: CMAKE_C_FLAGS_MINSIZEREL
CMAKE_C_FLAGS_MINSIZEREL-ADVANCED:INTERNAL=1
//ADVANCED property for variable: CMAKE_C_FLAGS_RELEASE
CMAKE_C_FLAGS_RELEASE-ADVANCED:INTERNAL=1
//ADVANCED property for variable: CMAKE_C_FLAGS_RELWITHDEBINFO
CMAKE_C_FLAGS_RELWITHDEBINFO-ADVANCED:INTERNAL=1
//ADVANCED property for variable: CMAKE_DLLTOOL
CMAKE_DLLTOOL-ADVANCED:INTERNAL=1
//Path to cache edit program executable.
CMAKE_EDIT_COMMAND:INTERNAL=/opt/homebrew/Cellar/cmake/3.30.4/bin/ccmake
//Executable file format
CMAKE_EXECUTABLE_FORMAT:INTERNAL=MACHO
//ADVANCED property for variable: CMAKE_EXE_LINKER_FLAGS
CMAKE_EXE_LINKER_FLAGS-ADVANCED:INTERNAL=1
//ADVANCED property for variable: CMAKE_EXE_LINKER_FLAGS_DEBUG
CMAKE_EXE_LINKER_FLAGS_DEBUG-ADVANCED:INTERNAL=1
//ADVANCED property for variable: CMAKE_EXE_LINKER_FLAGS_MINSIZEREL
CMAKE_EXE_LINKER_FLAGS_MINSIZEREL-ADVANCED:INTERNAL=1
//ADVANCED property for variable: CMAKE_EXE_LINKER_FLAGS_RELEASE
CMAKE_EXE_LINKER_FLAGS_RELEASE-ADVANCED:INTERNAL=1
//ADVANCED property for variable: CMAKE_EXE_LINKER_FLAGS_RELWITHDEBINFO
CMAKE_EXE_LINKER_FLAGS_RELWITHDEBINFO-ADVANCED:INTERNAL=1
//Name of external makefile project generator.
CMAKE_EXTRA_GENERATOR:INTERNAL=
//Name of generator.
CMAKE_GENERATOR:INTERNAL=Unix Makefiles
//Generator instance identifier.
CMAKE_GENERATOR_INSTANCE:INTERNAL=
//Name of generator platform.
CMAKE_GENERATOR_PLATFORM:INTERNAL=
//Name of generator toolset.
CMAKE_GENERATOR_TOOLSET:INTERNAL=
//Test CMAKE_HAVE_LIBC_PTHREAD
CMAKE_HAVE_LIBC_PTHREAD:INTERNAL=1
//Source directory with the top level CMakeLists.txt file for this
// project
CMAKE_HOME_DIRECTORY:INTERNAL=/Users/prompt/Downloads/libssh-0.11.0
//ADVANCED property for variable: CMAKE_INSTALL_BINDIR
CMAKE_INSTALL_BINDIR-ADVANCED:INTERNAL=1
//ADVANCED property for variable: CMAKE_INSTALL_DATADIR
CMAKE_INSTALL_DATADIR-ADVANCED:INTERNAL=1
//ADVANCED property for variable: CMAKE_INSTALL_DATAROOTDIR
CMAKE_INSTALL_DATAROOTDIR-ADVANCED:INTERNAL=1
//ADVANCED property for variable: CMAKE_INSTALL_DOCDIR
CMAKE_INSTALL_DOCDIR-ADVANCED:INTERNAL=1
//ADVANCED property for variable: CMAKE_INSTALL_INCLUDEDIR
CMAKE_INSTALL_INCLUDEDIR-ADVANCED:INTERNAL=1
//ADVANCED property for variable: CMAKE_INSTALL_INFODIR
CMAKE_INSTALL_INFODIR-ADVANCED:INTERNAL=1
//ADVANCED property for variable: CMAKE_INSTALL_LIBDIR
CMAKE_INSTALL_LIBDIR-ADVANCED:INTERNAL=1
//ADVANCED property for variable: CMAKE_INSTALL_LIBEXECDIR
CMAKE_INSTALL_LIBEXECDIR-ADVANCED:INTERNAL=1
//ADVANCED property for variable: CMAKE_INSTALL_LOCALEDIR
CMAKE_INSTALL_LOCALEDIR-ADVANCED:INTERNAL=1
//ADVANCED property for variable: CMAKE_INSTALL_LOCALSTATEDIR
CMAKE_INSTALL_LOCALSTATEDIR-ADVANCED:INTERNAL=1
//ADVANCED property for variable: CMAKE_INSTALL_MANDIR
CMAKE_INSTALL_MANDIR-ADVANCED:INTERNAL=1
//ADVANCED property for variable: CMAKE_INSTALL_NAME_TOOL
CMAKE_INSTALL_NAME_TOOL-ADVANCED:INTERNAL=1
//ADVANCED property for variable: CMAKE_INSTALL_OLDINCLUDEDIR
CMAKE_INSTALL_OLDINCLUDEDIR-ADVANCED:INTERNAL=1
//ADVANCED property for variable: CMAKE_INSTALL_RUNSTATEDIR
CMAKE_INSTALL_RUNSTATEDIR-ADVANCED:INTERNAL=1
//ADVANCED property for variable: CMAKE_INSTALL_SBINDIR
CMAKE_INSTALL_SBINDIR-ADVANCED:INTERNAL=1
//ADVANCED property for variable: CMAKE_INSTALL_SHAREDSTATEDIR
CMAKE_INSTALL_SHAREDSTATEDIR-ADVANCED:INTERNAL=1
//ADVANCED property for variable: CMAKE_INSTALL_SYSCONFDIR
CMAKE_INSTALL_SYSCONFDIR-ADVANCED:INTERNAL=1
//ADVANCED property for variable: CMAKE_LINKER
CMAKE_LINKER-ADVANCED:INTERNAL=1
//ADVANCED property for variable: CMAKE_MAKE_PROGRAM
CMAKE_MAKE_PROGRAM-ADVANCED:INTERNAL=1
//ADVANCED property for variable: CMAKE_MODULE_LINKER_FLAGS
CMAKE_MODULE_LINKER_FLAGS-ADVANCED:INTERNAL=1
//ADVANCED property for variable: CMAKE_MODULE_LINKER_FLAGS_DEBUG
CMAKE_MODULE_LINKER_FLAGS_DEBUG-ADVANCED:INTERNAL=1
//ADVANCED property for variable: CMAKE_MODULE_LINKER_FLAGS_MINSIZEREL
CMAKE_MODULE_LINKER_FLAGS_MINSIZEREL-ADVANCED:INTERNAL=1
//ADVANCED property for variable: CMAKE_MODULE_LINKER_FLAGS_RELEASE
CMAKE_MODULE_LINKER_FLAGS_RELEASE-ADVANCED:INTERNAL=1
//ADVANCED property for variable: CMAKE_MODULE_LINKER_FLAGS_RELWITHDEBINFO
CMAKE_MODULE_LINKER_FLAGS_RELWITHDEBINFO-ADVANCED:INTERNAL=1
//ADVANCED property for variable: CMAKE_NM
CMAKE_NM-ADVANCED:INTERNAL=1
//number of local generators
CMAKE_NUMBER_OF_MAKEFILES:INTERNAL=8
//ADVANCED property for variable: CMAKE_OBJCOPY
CMAKE_OBJCOPY-ADVANCED:INTERNAL=1
//ADVANCED property for variable: CMAKE_OBJDUMP
CMAKE_OBJDUMP-ADVANCED:INTERNAL=1
//Platform information initialized
CMAKE_PLATFORM_INFO_INITIALIZED:INTERNAL=1
//ADVANCED property for variable: CMAKE_RANLIB
CMAKE_RANLIB-ADVANCED:INTERNAL=1
//ADVANCED property for variable: CMAKE_READELF
CMAKE_READELF-ADVANCED:INTERNAL=1
//Path to CMake installation.
CMAKE_ROOT:INTERNAL=/opt/homebrew/Cellar/cmake/3.30.4/share/cmake
//ADVANCED property for variable: CMAKE_SHARED_LINKER_FLAGS
CMAKE_SHARED_LINKER_FLAGS-ADVANCED:INTERNAL=1
//ADVANCED property for variable: CMAKE_SHARED_LINKER_FLAGS_DEBUG
CMAKE_SHARED_LINKER_FLAGS_DEBUG-ADVANCED:INTERNAL=1
//ADVANCED property for variable: CMAKE_SHARED_LINKER_FLAGS_MINSIZEREL
CMAKE_SHARED_LINKER_FLAGS_MINSIZEREL-ADVANCED:INTERNAL=1
//ADVANCED property for variable: CMAKE_SHARED_LINKER_FLAGS_RELEASE
CMAKE_SHARED_LINKER_FLAGS_RELEASE-ADVANCED:INTERNAL=1
//ADVANCED property for variable: CMAKE_SHARED_LINKER_FLAGS_RELWITHDEBINFO
CMAKE_SHARED_LINKER_FLAGS_RELWITHDEBINFO-ADVANCED:INTERNAL=1
//ADVANCED property for variable: CMAKE_SKIP_INSTALL_RPATH
CMAKE_SKIP_INSTALL_RPATH-ADVANCED:INTERNAL=1
//ADVANCED property for variable: CMAKE_SKIP_RPATH
CMAKE_SKIP_RPATH-ADVANCED:INTERNAL=1
//ADVANCED property for variable: CMAKE_STATIC_LINKER_FLAGS
CMAKE_STATIC_LINKER_FLAGS-ADVANCED:INTERNAL=1
//ADVANCED property for variable: CMAKE_STATIC_LINKER_FLAGS_DEBUG
CMAKE_STATIC_LINKER_FLAGS_DEBUG-ADVANCED:INTERNAL=1
//ADVANCED property for variable: CMAKE_STATIC_LINKER_FLAGS_MINSIZEREL
CMAKE_STATIC_LINKER_FLAGS_MINSIZEREL-ADVANCED:INTERNAL=1
//ADVANCED property for variable: CMAKE_STATIC_LINKER_FLAGS_RELEASE
CMAKE_STATIC_LINKER_FLAGS_RELEASE-ADVANCED:INTERNAL=1
//ADVANCED property for variable: CMAKE_STATIC_LINKER_FLAGS_RELWITHDEBINFO
CMAKE_STATIC_LINKER_FLAGS_RELWITHDEBINFO-ADVANCED:INTERNAL=1
//ADVANCED property for variable: CMAKE_STRIP
CMAKE_STRIP-ADVANCED:INTERNAL=1
//ADVANCED property for variable: CMAKE_TAPI
CMAKE_TAPI-ADVANCED:INTERNAL=1
//uname command
CMAKE_UNAME:INTERNAL=/usr/bin/uname
//ADVANCED property for variable: CMAKE_VERBOSE_MAKEFILE
CMAKE_VERBOSE_MAKEFILE-ADVANCED:INTERNAL=1
//ADVANCED property for variable: CMOCKA_INCLUDE_DIR
CMOCKA_INCLUDE_DIR-ADVANCED:INTERNAL=1
//ADVANCED property for variable: CMOCKA_ROOT_DIR
CMOCKA_ROOT_DIR-ADVANCED:INTERNAL=1
//ADVANCED property for variable: COVERAGE_COMMAND
COVERAGE_COMMAND-ADVANCED:INTERNAL=1
//ADVANCED property for variable: COVERAGE_EXTRA_FLAGS
COVERAGE_EXTRA_FLAGS-ADVANCED:INTERNAL=1
//ADVANCED property for variable: CPACK_BINARY_BUNDLE
CPACK_BINARY_BUNDLE-ADVANCED:INTERNAL=1
//ADVANCED property for variable: CPACK_BINARY_DEB
CPACK_BINARY_DEB-ADVANCED:INTERNAL=1
//ADVANCED property for variable: CPACK_BINARY_DRAGNDROP
CPACK_BINARY_DRAGNDROP-ADVANCED:INTERNAL=1
//ADVANCED property for variable: CPACK_BINARY_FREEBSD
CPACK_BINARY_FREEBSD-ADVANCED:INTERNAL=1
//ADVANCED property for variable: CPACK_BINARY_IFW
CPACK_BINARY_IFW-ADVANCED:INTERNAL=1
//ADVANCED property for variable: CPACK_BINARY_NSIS
CPACK_BINARY_NSIS-ADVANCED:INTERNAL=1
//ADVANCED property for variable: CPACK_BINARY_PRODUCTBUILD
CPACK_BINARY_PRODUCTBUILD-ADVANCED:INTERNAL=1
//ADVANCED property for variable: CPACK_BINARY_RPM
CPACK_BINARY_RPM-ADVANCED:INTERNAL=1
//ADVANCED property for variable: CPACK_BINARY_STGZ
CPACK_BINARY_STGZ-ADVANCED:INTERNAL=1
//ADVANCED property for variable: CPACK_BINARY_TBZ2
CPACK_BINARY_TBZ2-ADVANCED:INTERNAL=1
//ADVANCED property for variable: CPACK_BINARY_TGZ
CPACK_BINARY_TGZ-ADVANCED:INTERNAL=1
//ADVANCED property for variable: CPACK_BINARY_TXZ
CPACK_BINARY_TXZ-ADVANCED:INTERNAL=1
//ADVANCED property for variable: CTEST_SUBMIT_RETRY_COUNT
CTEST_SUBMIT_RETRY_COUNT-ADVANCED:INTERNAL=1
//ADVANCED property for variable: CTEST_SUBMIT_RETRY_DELAY
CTEST_SUBMIT_RETRY_DELAY-ADVANCED:INTERNAL=1
//ADVANCED property for variable: DART_TESTING_TIMEOUT
DART_TESTING_TIMEOUT-ADVANCED:INTERNAL=1
//Default C Compiler Flags
DEFAULT_C_COMPILE_FLAGS:INTERNAL=-std=gnu99;-Wpedantic;-Wall;-Wshadow;-Wmissing-prototypes;-Wcast-align;-Werror=address;-Wstrict-prototypes;-Werror=strict-prototypes;-Wwrite-strings;-Werror=write-strings;-Werror-implicit-function-declaration;-Wpointer-arith;-Werror=pointer-arith;-Wdeclaration-after-statement;-Werror=declaration-after-statement;-Wreturn-type;-Werror=return-type;-Wuninitialized;-Werror=uninitialized;-Wimplicit-fallthrough;-Werror=strict-overflow;-Wstrict-overflow=2;-Wno-format-zero-length;-Wmissing-field-initializers;-Wsign-compare;-Wold-style-definition;-Werror=old-style-definition;-Wimplicit-int;-Werror=implicit-int;-Wint-conversion;-Werror=int-conversion;-Wformat;-Wformat-security;-Werror=format-security;-fno-common;-fstack-protector-strong;-fstack-clash-protection;-Wno-deprecated-declarations
//Default no deprecation flags
DEFAULT_C_NO_DEPRECATION_FLAGS:INTERNAL=-Wno-deprecated-declarations
//Default C Linker Flags
DEFAULT_LINK_FLAGS:INTERNAL=
//ADVANCED property for variable: DOXYGEN_DOT_EXECUTABLE
DOXYGEN_DOT_EXECUTABLE-ADVANCED:INTERNAL=1
//ADVANCED property for variable: DOXYGEN_EXECUTABLE
DOXYGEN_EXECUTABLE-ADVANCED:INTERNAL=1
//Details about finding CMocka
FIND_PACKAGE_MESSAGE_DETAILS_CMocka:INTERNAL=[/usr/local/lib/libcmocka.dylib][/usr/local/include][v()]
//Details about finding GSSAPI
FIND_PACKAGE_MESSAGE_DETAILS_GSSAPI:INTERNAL=[/Library/Developer/CommandLineTools/SDKs/MacOSX14.4.sdk/usr/lib/libgssapi_krb5.tbd;/Library/Developer/CommandLineTools/SDKs/MacOSX14.4.sdk/usr/lib/libkrb5.tbd;/Library/Developer/CommandLineTools/SDKs/MacOSX14.4.sdk/usr/lib/libk5crypto.tbd;/Library/Developer/CommandLineTools/SDKs/MacOSX14.4.sdk/usr/lib/libcom_err.tbd][/Library/Developer/CommandLineTools/SDKs/MacOSX14.4.sdk/System/Library/Frameworks/GSS.framework/Headers][v()]
//Details about finding OpenSSL
FIND_PACKAGE_MESSAGE_DETAILS_OpenSSL:INTERNAL=[/opt/homebrew/lib/libcrypto.dylib][/opt/homebrew/include][c ][v3.3.2(1.1.1)]
//Details about finding Python
FIND_PACKAGE_MESSAGE_DETAILS_Python:INTERNAL=[/Library/Frameworks/Python.framework/Versions/3.10/bin/python3.10][cfound components: Interpreter ][v3.10.4()]
//Details about finding Threads
FIND_PACKAGE_MESSAGE_DETAILS_Threads:INTERNAL=[TRUE][v()]
//Details about finding ZLIB
FIND_PACKAGE_MESSAGE_DETAILS_ZLIB:INTERNAL=[/Library/Developer/CommandLineTools/SDKs/MacOSX14.4.sdk/usr/lib/libz.tbd][/Library/Developer/CommandLineTools/SDKs/MacOSX14.4.sdk/usr/include][c ][v1.2.12()]
//ADVANCED property for variable: GSSAPI_ROOT_DIR
GSSAPI_ROOT_DIR-ADVANCED:INTERNAL=1
//Have include argp.h
HAVE_ARGP_H:INTERNAL=
//Have function argp_parse
HAVE_ARGP_PARSE:INTERNAL=
//Have include arpa/inet.h
HAVE_ARPA_INET_H:INTERNAL=1
//Have include byteswap.h
HAVE_BYTESWAP_H:INTERNAL=
//Have function cfmakeraw
HAVE_CFMAKERAW:INTERNAL=1
//Have library rt
HAVE_CLOCK_GETTIME:INTERNAL=
//Have function cmocka_set_test_filter
HAVE_CMOCKA_SET_TEST_FILTER:INTERNAL=1
//Test HAVE_COMPILER__FUNCTION__
HAVE_COMPILER__FUNCTION__:INTERNAL=1
//Test HAVE_COMPILER__FUNC__
HAVE_COMPILER__FUNC__:INTERNAL=1
//Test HAVE_CONSTRUCTOR_ATTRIBUTE
HAVE_CONSTRUCTOR_ATTRIBUTE:INTERNAL=1
//Test HAVE_DESTRUCTOR_ATTRIBUTE
HAVE_DESTRUCTOR_ATTRIBUTE:INTERNAL=1
//Have function explicit_bzero
HAVE_EXPLICIT_BZERO:INTERNAL=
//Test HAVE_FALLTHROUGH_ATTRIBUTE
HAVE_FALLTHROUGH_ATTRIBUTE:INTERNAL=1
//Test HAVE_GCC_THREAD_LOCAL_STORAGE
HAVE_GCC_THREAD_LOCAL_STORAGE:INTERNAL=1
//Test HAVE_GCC_VOLATILE_MEMORY_PROTECTION
HAVE_GCC_VOLATILE_MEMORY_PROTECTION:INTERNAL=1
//Have function getaddrinfo
HAVE_GETADDRINFO:INTERNAL=1
//Have function glob
HAVE_GLOB:INTERNAL=1
//Test HAVE_GLOB_GL_FLAGS_MEMBER
HAVE_GLOB_GL_FLAGS_MEMBER:INTERNAL=1
//Have include glob.h
HAVE_GLOB_H:INTERNAL=1
//Have symbol htonll
HAVE_HTONLL:INTERNAL=1
//Have function isblank
HAVE_ISBLANK:INTERNAL=1
//Test HAVE_LD_VERSION_SCRIPT
HAVE_LD_VERSION_SCRIPT:INTERNAL=
//Have library nsl
HAVE_LIBNSL:INTERNAL=
//Have library rt
HAVE_LIBRT:INTERNAL=
//Have library socket
HAVE_LIBSOCKET:INTERNAL=
//Have library util
HAVE_LIBUTIL:INTERNAL=1
//Have include libutil.h
HAVE_LIBUTIL_H:INTERNAL=
//Have function memset_s
HAVE_MEMSET_S:INTERNAL=1
//Test HAVE_MSC_THREAD_LOCAL_STORAGE
HAVE_MSC_THREAD_LOCAL_STORAGE:INTERNAL=
//Have symbol ntohll
HAVE_NTOHLL:INTERNAL=1
//Have include openssl/aes.h
HAVE_OPENSSL_AES_H:INTERNAL=1
//Have include openssl/des.h
HAVE_OPENSSL_DES_H:INTERNAL=1
//Have include openssl/ecdh.h
HAVE_OPENSSL_ECDH_H:INTERNAL=1
//Have include openssl/ecdsa.h
HAVE_OPENSSL_ECDSA_H:INTERNAL=1
//Have include openssl/ec.h
HAVE_OPENSSL_EC_H:INTERNAL=1
//Have function EVP_chacha20
HAVE_OPENSSL_EVP_CHACHA20:INTERNAL=1
//Have function EVP_KDF_CTX_new
HAVE_OPENSSL_EVP_KDF_CTX_NEW:INTERNAL=1
//Have function EVP_KDF_CTX_new_id
HAVE_OPENSSL_EVP_KDF_CTX_NEW_ID:INTERNAL=
//Have function FIPS_mode
HAVE_OPENSSL_FIPS_MODE:INTERNAL=
//Have function RAND_priv_bytes
HAVE_OPENSSL_RAND_PRIV_BYTES:INTERNAL=1
//Have function poll
HAVE_POLL:INTERNAL=1
//Have include pty.h
HAVE_PTY_H:INTERNAL=
//Have function select
HAVE_SELECT:INTERNAL=1
//Have function snprintf
HAVE_SNPRINTF:INTERNAL=1
//Have include stdint.h
HAVE_STDINT_H:INTERNAL=1
//Have function strncpy
HAVE_STRNCPY:INTERNAL=1
//Have function strndup
HAVE_STRNDUP:INTERNAL=1
//Have function strtoull
HAVE_STRTOULL:INTERNAL=1
//Have include sys/param.h
HAVE_SYS_PARAM_H:INTERNAL=1
//Have include sys/time.h
HAVE_SYS_TIME_H:INTERNAL=1
//Have include sys/utime.h
HAVE_SYS_UTIME_H:INTERNAL=
//Have include termios.h
HAVE_TERMIOS_H:INTERNAL=1
//Have include unistd.h
HAVE_UNISTD_H:INTERNAL=1
//Test HAVE_UNUSED_ATTRIBUTE
HAVE_UNUSED_ATTRIBUTE:INTERNAL=1
//Have include util.h
HAVE_UTIL_H:INTERNAL=1
//Have include utmp.h
HAVE_UTMP_H:INTERNAL=1
//Have include valgrind/valgrind.h
HAVE_VALGRIND_VALGRIND_H:INTERNAL=
//Have function vsnprintf
HAVE_VSNPRINTF:INTERNAL=1
//Test HAVE_WEAK_ATTRIBUTE
HAVE_WEAK_ATTRIBUTE:INTERNAL=1
//Have function __strtoull
HAVE___STRTOULL:INTERNAL=
//ADVANCED property for variable: KRB5_CONFIG
KRB5_CONFIG-ADVANCED:INTERNAL=1
//libssh required system libraries
LIBSSH_REQUIRED_LIBRARIES:INTERNAL=
//libssh static library
LIBSSH_STATIC_LIBRARY:INTERNAL=ssh_static
//ADVANCED property for variable: MAKECOMMAND
MAKECOMMAND-ADVANCED:INTERNAL=1
//ADVANCED property for variable: MEMORYCHECK_COMMAND
MEMORYCHECK_COMMAND-ADVANCED:INTERNAL=1
//ADVANCED property for variable: MEMORYCHECK_SUPPRESSIONS_FILE
MEMORYCHECK_SUPPRESSIONS_FILE-ADVANCED:INTERNAL=1
//ADVANCED property for variable: OPENSSL_CRYPTO_LIBRARY
OPENSSL_CRYPTO_LIBRARY-ADVANCED:INTERNAL=1
//ADVANCED property for variable: OPENSSL_INCLUDE_DIR
OPENSSL_INCLUDE_DIR-ADVANCED:INTERNAL=1
//ADVANCED property for variable: OPENSSL_SSL_LIBRARY
OPENSSL_SSL_LIBRARY-ADVANCED:INTERNAL=1
//ADVANCED property for variable: PKG_CONFIG_ARGN
PKG_CONFIG_ARGN-ADVANCED:INTERNAL=1
//ADVANCED property for variable: PKG_CONFIG_EXECUTABLE
PKG_CONFIG_EXECUTABLE-ADVANCED:INTERNAL=1
//Test REQUIRED_FLAGS_WERROR
REQUIRED_FLAGS_WERROR:INTERNAL=1
//Test REQUIRED_FLAGS_WFORMAT
REQUIRED_FLAGS_WFORMAT:INTERNAL=1
//ADVANCED property for variable: SITE
SITE-ADVANCED:INTERNAL=1
//Test WITH_FNO_COMMON_FLAG
WITH_FNO_COMMON_FLAG:INTERNAL=1
//Test WITH_STACK_CLASH_PROTECTION
WITH_STACK_CLASH_PROTECTION:INTERNAL=1
//Test WITH_STACK_PROTECTOR_STRONG
WITH_STACK_PROTECTOR_STRONG:INTERNAL=1
//Test WITH_STD_GNU99_FLAG
WITH_STD_GNU99_FLAG:INTERNAL=1
//Test WITH_WALL_FLAG
WITH_WALL_FLAG:INTERNAL=1
//Test WITH_WCAST_ALIGN_FLAG
WITH_WCAST_ALIGN_FLAG:INTERNAL=1
//Test WITH_WDECLARATION_AFTER_STATEMENT_FLAG
WITH_WDECLARATION_AFTER_STATEMENT_FLAG:INTERNAL=1
//Test WITH_WERROR_ADDRESS_FLAG
WITH_WERROR_ADDRESS_FLAG:INTERNAL=1
//Test WITH_WERROR_DECLARATION_AFTER_STATEMENT_FLAG
WITH_WERROR_DECLARATION_AFTER_STATEMENT_FLAG:INTERNAL=1
//Test WITH_WERROR_FORMAT_SECURITY_FLAG
WITH_WERROR_FORMAT_SECURITY_FLAG:INTERNAL=1
//Test WITH_WERROR_IMPLICIT_FUNCTION_DECLARATION_FLAG
WITH_WERROR_IMPLICIT_FUNCTION_DECLARATION_FLAG:INTERNAL=1
//Test WITH_WERROR_IMPLICIT_INT_FLAG
WITH_WERROR_IMPLICIT_INT_FLAG:INTERNAL=1
//Test WITH_WERROR_INT_CONVERSION_FLAG
WITH_WERROR_INT_CONVERSION_FLAG:INTERNAL=1
//Test WITH_WERROR_OLD_STYLE_DEFINITION_FLAG
WITH_WERROR_OLD_STYLE_DEFINITION_FLAG:INTERNAL=1
//Test WITH_WERROR_POINTER_ARITH_FLAG
WITH_WERROR_POINTER_ARITH_FLAG:INTERNAL=1
//Test WITH_WERROR_RETURN_TYPE_FLAG
WITH_WERROR_RETURN_TYPE_FLAG:INTERNAL=1
//Test WITH_WERROR_STRICT_OVERFLOW_FLAG
WITH_WERROR_STRICT_OVERFLOW_FLAG:INTERNAL=1
//Test WITH_WERROR_STRICT_PROTOTYPES_FLAG
WITH_WERROR_STRICT_PROTOTYPES_FLAG:INTERNAL=1
//Test WITH_WERROR_UNINITIALIZED_FLAG
WITH_WERROR_UNINITIALIZED_FLAG:INTERNAL=1
//Test WITH_WERROR_WRITE_STRINGS_FLAG
WITH_WERROR_WRITE_STRINGS_FLAG:INTERNAL=1
//Test WITH_WFORMAT_SECURITY_FLAG
WITH_WFORMAT_SECURITY_FLAG:INTERNAL=1
//Test WITH_WIMPLICIT_FALLTHROUGH_FLAG
WITH_WIMPLICIT_FALLTHROUGH_FLAG:INTERNAL=1
//Test WITH_WIMPLICIT_INT_FLAG
WITH_WIMPLICIT_INT_FLAG:INTERNAL=1
//Test WITH_WINT_CONVERSION_FLAG
WITH_WINT_CONVERSION_FLAG:INTERNAL=1
//Test WITH_WMISSING_FIELD_INITIALIZERS_FLAG
WITH_WMISSING_FIELD_INITIALIZERS_FLAG:INTERNAL=1
//Test WITH_WMISSING_PROTOTYPES_FLAG
WITH_WMISSING_PROTOTYPES_FLAG:INTERNAL=1
//Test WITH_WNO_DEPRECATED_DECLARATIONS_FLAG
WITH_WNO_DEPRECATED_DECLARATIONS_FLAG:INTERNAL=1
//Test WITH_WNO_FORMAT_ZERO_LENGTH_FLAG
WITH_WNO_FORMAT_ZERO_LENGTH_FLAG:INTERNAL=1
//Test WITH_WOLD_STYLE_DEFINITION_FLAG
WITH_WOLD_STYLE_DEFINITION_FLAG:INTERNAL=1
//Test WITH_WPEDANTIC_FLAG
WITH_WPEDANTIC_FLAG:INTERNAL=1
//Test WITH_WPOINTER_ARITH_FLAG
WITH_WPOINTER_ARITH_FLAG:INTERNAL=1
//Test WITH_WRETURN_TYPE_FLAG
WITH_WRETURN_TYPE_FLAG:INTERNAL=1
//Test WITH_WSHADOW_FLAG
WITH_WSHADOW_FLAG:INTERNAL=1
//Test WITH_WSIGN_COMPARE_FLAG
WITH_WSIGN_COMPARE_FLAG:INTERNAL=1
//Test WITH_WSTRICT_OVERFLOW_2_FLAG
WITH_WSTRICT_OVERFLOW_2_FLAG:INTERNAL=1
//Test WITH_WSTRICT_PROTOTYPES_FLAG
WITH_WSTRICT_PROTOTYPES_FLAG:INTERNAL=1
//Test WITH_WUNINITIALIZED_FLAG
WITH_WUNINITIALIZED_FLAG:INTERNAL=1
//Test WITH_WWRITE_STRINGS_FLAG
WITH_WWRITE_STRINGS_FLAG:INTERNAL=1
//ADVANCED property for variable: ZLIB_INCLUDE_DIR
ZLIB_INCLUDE_DIR-ADVANCED:INTERNAL=1
//ADVANCED property for variable: ZLIB_LIBRARY_DEBUG
ZLIB_LIBRARY_DEBUG-ADVANCED:INTERNAL=1
//ADVANCED property for variable: ZLIB_LIBRARY_RELEASE
ZLIB_LIBRARY_RELEASE-ADVANCED:INTERNAL=1
//CMAKE_INSTALL_PREFIX during last run
_GNUInstallDirs_LAST_CMAKE_INSTALL_PREFIX:INTERNAL=/usr/local
_OPENSSL_CFLAGS:INTERNAL=
_OPENSSL_CFLAGS_I:INTERNAL=
_OPENSSL_CFLAGS_OTHER:INTERNAL=
_OPENSSL_FOUND:INTERNAL=
_OPENSSL_INCLUDEDIR:INTERNAL=
_OPENSSL_LIBDIR:INTERNAL=
_OPENSSL_LIBS:INTERNAL=
_OPENSSL_LIBS_L:INTERNAL=
_OPENSSL_LIBS_OTHER:INTERNAL=
_OPENSSL_LIBS_PATHS:INTERNAL=
_OPENSSL_MODULE_NAME:INTERNAL=
_OPENSSL_PREFIX:INTERNAL=
_OPENSSL_STATIC_CFLAGS:INTERNAL=
_OPENSSL_STATIC_CFLAGS_I:INTERNAL=
_OPENSSL_STATIC_CFLAGS_OTHER:INTERNAL=
_OPENSSL_STATIC_LIBDIR:INTERNAL=
_OPENSSL_STATIC_LIBS:INTERNAL=
_OPENSSL_STATIC_LIBS_L:INTERNAL=
_OPENSSL_STATIC_LIBS_OTHER:INTERNAL=
_OPENSSL_STATIC_LIBS_PATHS:INTERNAL=
_OPENSSL_VERSION:INTERNAL=
//Compiler reason failure
_Python_Compiler_REASON_FAILURE:INTERNAL=
//Development reason failure
_Python_Development_REASON_FAILURE:INTERNAL=
//Path to a program.
_Python_EXECUTABLE:INTERNAL=/Library/Frameworks/Python.framework/Versions/3.10/bin/python3.10
//Python Properties
_Python_INTERPRETER_PROPERTIES:INTERNAL=Python;3;10;4;64;32;<none>;cpython-310-darwin;abi3;/Library/Frameworks/Python.framework/Versions/3.10/lib/python3.10;/Library/Frameworks/Python.framework/Versions/3.10/lib/python3.10;/Library/Frameworks/Python.framework/Versions/3.10/lib/python3.10/site-packages;/Library/Frameworks/Python.framework/Versions/3.10/lib/python3.10/site-packages
_Python_INTERPRETER_SIGNATURE:INTERNAL=5c9eef28087f51fa6876ba7b00dbc150
//NumPy reason failure
_Python_NumPy_REASON_FAILURE:INTERNAL=
__pkg_config_checked__OPENSSL:INTERNAL=1

